[LoggerStatus.SUCCESS] | [+] Starting assembly. Options (True, True, True, True) | Thu Oct 16 03:09:52 2025
[LoggerStatus.SUCCESS] | [+] Create default directories | Thu Oct 16 03:09:52 2025
[LoggerStatus.SUCCESS] | [+] Copy Dotfiles & GTK | Thu Oct 16 03:09:52 2025
[LoggerStatus.SUCCESS] | [+] Updates Enabled | Thu Oct 16 03:09:53 2025
[LoggerStatus.SUCCESS] | [+] Installed BSPWM Dependencies | Thu Oct 16 03:09:58 2025
[LoggerStatus.SUCCESS] | Installed: ffmpegthumbnailer | Thu Oct 16 03:11:09 2025
[LoggerStatus.SUCCESS] | Installed: tumbler | Thu Oct 16 03:11:10 2025
[LoggerStatus.SUCCESS] | Installed: lsd | Thu Oct 16 03:11:11 2025
[LoggerStatus.SUCCESS] | Installed: alacritty | Thu Oct 16 03:11:13 2025
[LoggerStatus.SUCCESS] | Installed: bat | Thu Oct 16 03:11:15 2025
[LoggerStatus.SUCCESS] | Installed: evince | Thu Oct 16 03:11:38 2025
[LoggerStatus.SUCCESS] | Installed: nvtop | Thu Oct 16 03:11:39 2025
[LoggerStatus.SUCCESS] | Installed: npm | Thu Oct 16 03:11:44 2025
[LoggerStatus.SUCCESS] | Installed: brightnessctl | Thu Oct 16 03:11:45 2025
[LoggerStatus.SUCCESS] | Installed: kitty | Thu Oct 16 03:11:50 2025
[LoggerStatus.SUCCESS] | Installed: gvfs | Thu Oct 16 03:11:51 2025
[LoggerStatus.SUCCESS] | Installed: gvfs-mtp | Thu Oct 16 03:11:55 2025
[LoggerStatus.SUCCESS] | Installed: automake | Thu Oct 16 03:11:56 2025
[LoggerStatus.SUCCESS] | Installed: make | Thu Oct 16 03:11:56 2025
[LoggerStatus.SUCCESS] | Installed: cmake | Thu Oct 16 03:12:00 2025
[LoggerStatus.SUCCESS] | Installed: autoconf | Thu Oct 16 03:12:00 2025
[LoggerStatus.SUCCESS] | Installed: bluez | Thu Oct 16 03:12:02 2025
[LoggerStatus.SUCCESS] | Installed: bluez-utils | Thu Oct 16 03:12:03 2025
[LoggerStatus.SUCCESS] | Installed: dunst | Thu Oct 16 03:12:04 2025
[LoggerStatus.SUCCESS] | Installed: fakeroot | Thu Oct 16 03:12:05 2025
[LoggerStatus.SUCCESS] | Installed: feh | Thu Oct 16 03:12:06 2025
[LoggerStatus.SUCCESS] | Installed: firefox | Thu Oct 16 03:12:22 2025
[LoggerStatus.SUCCESS] | Installed: fish | Thu Oct 16 03:12:25 2025
[LoggerStatus.SUCCESS] | Installed: thunar-archive-plugin | Thu Oct 16 03:12:27 2025
[LoggerStatus.SUCCESS] | Installed: gzip | Thu Oct 16 03:12:27 2025
[LoggerStatus.SUCCESS] | Installed: p7zip | Thu Oct 16 03:12:29 2025
[LoggerStatus.SUCCESS] | Installed: unrar | Thu Oct 16 03:12:30 2025
[LoggerStatus.SUCCESS] | Installed: zip | Thu Oct 16 03:12:31 2025
[LoggerStatus.SUCCESS] | Installed: unzip | Thu Oct 16 03:12:31 2025
[LoggerStatus.SUCCESS] | Installed: xarchiver | Thu Oct 16 03:12:33 2025
[LoggerStatus.SUCCESS] | Installed: gedit | Thu Oct 16 03:12:35 2025
[LoggerStatus.SUCCESS] | Installed: htop | Thu Oct 16 03:12:36 2025
[LoggerStatus.SUCCESS] | Installed: btop | Thu Oct 16 03:12:37 2025
[LoggerStatus.SUCCESS] | Installed: thunar | Thu Oct 16 03:12:38 2025
[LoggerStatus.SUCCESS] | Installed: zathura | Thu Oct 16 03:12:40 2025
[LoggerStatus.SUCCESS] | Installed: zathura-djvu | Thu Oct 16 03:12:41 2025
[LoggerStatus.SUCCESS] | Installed: zathura-pdf-mupdf | Thu Oct 16 03:12:50 2025
[LoggerStatus.SUCCESS] | Installed: picom | Thu Oct 16 03:12:52 2025
[LoggerStatus.SUCCESS] | Installed: nitrogen | Thu Oct 16 03:12:57 2025
[LoggerStatus.SUCCESS] | Installed: pavucontrol | Thu Oct 16 03:13:07 2025
[LoggerStatus.SUCCESS] | Installed: redshift | Thu Oct 16 03:13:09 2025
[LoggerStatus.SUCCESS] | Installed: scrot | Thu Oct 16 03:13:13 2025
[LoggerStatus.SUCCESS] | Installed: fastfetch | Thu Oct 16 03:13:15 2025
[LoggerStatus.SUCCESS] | Installed: rofi | Thu Oct 16 03:13:18 2025
[LoggerStatus.SUCCESS] | Installed: rofi-calc | Thu Oct 16 03:13:19 2025
[LoggerStatus.SUCCESS] | Installed: rofi-emoji | Thu Oct 16 03:13:20 2025
[LoggerStatus.SUCCESS] | Installed: mat2 | Thu Oct 16 03:13:23 2025
[LoggerStatus.SUCCESS] | Installed: ranger | Thu Oct 16 03:13:24 2025
[LoggerStatus.SUCCESS] | Installed: calcurse | Thu Oct 16 03:13:25 2025
[LoggerStatus.SUCCESS] | Installed: ttf-jetbrains-mono | Thu Oct 16 03:13:27 2025
[LoggerStatus.SUCCESS] | Installed: ttf-jetbrains-mono-nerd | Thu Oct 16 03:13:36 2025
[LoggerStatus.SUCCESS] | Installed: ttf-fira-code | Thu Oct 16 03:13:38 2025
[LoggerStatus.SUCCESS] | Installed: ttf-iosevka-nerd | Thu Oct 16 03:14:00 2025
[LoggerStatus.SUCCESS] | Installed: libreoffice | Thu Oct 16 03:14:53 2025
[LoggerStatus.SUCCESS] | Installed: tree | Thu Oct 16 03:14:53 2025
[LoggerStatus.SUCCESS] | Installed: sudo | Thu Oct 16 03:14:54 2025
[LoggerStatus.SUCCESS] | Installed: ffmpeg | Thu Oct 16 03:14:55 2025
[LoggerStatus.SUCCESS] | Installed: polybar | Thu Oct 16 03:14:56 2025
[LoggerStatus.SUCCESS] | Installed: torbrowser-launcher | Thu Oct 16 03:15:07 2025
[LoggerStatus.SUCCESS] | Installed: dpkg | Thu Oct 16 03:15:09 2025
[LoggerStatus.SUCCESS] | Installed: gcc | Thu Oct 16 03:15:15 2025
[LoggerStatus.SUCCESS] | Installed: clang | Thu Oct 16 03:15:34 2025
[LoggerStatus.SUCCESS] | Installed: git | Thu Oct 16 03:15:35 2025
[LoggerStatus.SUCCESS] | Installed: gpick | Thu Oct 16 03:15:40 2025
[LoggerStatus.SUCCESS] | Installed: wget | Thu Oct 16 03:15:42 2025
[LoggerStatus.SUCCESS] | Installed: pamixer | Thu Oct 16 03:15:43 2025
[LoggerStatus.SUCCESS] | Installed: ueberzug | Thu Oct 16 03:15:44 2025
[LoggerStatus.SUCCESS] | Installed: xclip | Thu Oct 16 03:15:45 2025
[LoggerStatus.SUCCESS] | Installed: openvpn | Thu Oct 16 03:15:47 2025
[LoggerStatus.SUCCESS] | Installed: reflector | Thu Oct 16 03:15:49 2025
[LoggerStatus.SUCCESS] | Installed: slop | Thu Oct 16 03:15:50 2025
[LoggerStatus.SUCCESS] | Installed: nano | Thu Oct 16 03:15:51 2025
[LoggerStatus.SUCCESS] | Installed: lxappearance | Thu Oct 16 03:15:52 2025
[LoggerStatus.SUCCESS] | Installed: papirus-icon-theme | Thu Oct 16 03:16:13 2025
[LoggerStatus.SUCCESS] | Installed: imagemagick | Thu Oct 16 03:16:16 2025
[LoggerStatus.SUCCESS] | Installed: ncmpcpp | Thu Oct 16 03:16:17 2025
[LoggerStatus.SUCCESS] | Installed: mpd | Thu Oct 16 03:16:22 2025
[LoggerStatus.SUCCESS] | Installed: mpc | Thu Oct 16 03:16:23 2025
[LoggerStatus.SUCCESS] | Installed: mpv | Thu Oct 16 03:16:26 2025
[LoggerStatus.SUCCESS] | Installed: alsa-plugins | Thu Oct 16 03:16:27 2025
[LoggerStatus.SUCCESS] | Installed: alsa-utils | Thu Oct 16 03:16:30 2025
[LoggerStatus.SUCCESS] | Installed: network-manager-applet | Thu Oct 16 03:16:31 2025
[LoggerStatus.SUCCESS] | Installed: networkmanager-openvpn | Thu Oct 16 03:16:33 2025
[LoggerStatus.SUCCESS] | Installed: gparted | Thu Oct 16 03:16:35 2025
[LoggerStatus.SUCCESS] | Installed: intel-ucode | Thu Oct 16 03:17:16 2025
[LoggerStatus.SUCCESS] | Installed: gnu-netcat | Thu Oct 16 03:17:17 2025
[LoggerStatus.SUCCESS] | Installed: usbutils | Thu Oct 16 03:17:17 2025
[LoggerStatus.SUCCESS] | Installed: sshfs | Thu Oct 16 03:17:18 2025
[LoggerStatus.SUCCESS] | Installed: netctl | Thu Oct 16 03:17:19 2025
[LoggerStatus.SUCCESS] | Installed: openssh | Thu Oct 16 03:17:20 2025
[LoggerStatus.SUCCESS] | Installed: shellcheck | Thu Oct 16 03:17:36 2025
[LoggerStatus.SUCCESS] | Installed: noto-fonts-emoji | Thu Oct 16 03:17:40 2025
[LoggerStatus.SUCCESS] | Installed: noto-fonts-cjk | Thu Oct 16 03:18:37 2025
[LoggerStatus.SUCCESS] | Installed: gthumb | Thu Oct 16 03:18:42 2025
[LoggerStatus.SUCCESS] | Installed: gnome-disk-utility | Thu Oct 16 03:18:44 2025
[LoggerStatus.SUCCESS] | Installed: lazydocker | Thu Oct 16 03:18:46 2025
[LoggerStatus.SUCCESS] | Installed: cava | Thu Oct 16 03:18:48 2025
[LoggerStatus.SUCCESS] | Installed: i3lock-color | Thu Oct 16 03:19:17 2025
[LoggerStatus.SUCCESS] | Installed: ptpython | Thu Oct 16 03:19:31 2025
[LoggerStatus.SUCCESS] | Installed: ttf-symbola | Thu Oct 16 03:20:05 2025
[LoggerStatus.SUCCESS] | Installed: hyx | Thu Oct 16 03:20:16 2025
[LoggerStatus.SUCCESS] | Installed: arttime-git | Thu Oct 16 03:20:33 2025
[LoggerStatus.SUCCESS] | Installed: bluetuith | Thu Oct 16 03:21:36 2025
[LoggerStatus.SUCCESS] | Installed: rofi-bluetooth-git | Thu Oct 16 03:21:52 2025
[LoggerStatus.SUCCESS] | Installed: anki | Thu Oct 16 03:46:06 2025
[LoggerStatus.SUCCESS] | Installed: light | Thu Oct 16 03:46:07 2025
[LoggerStatus.SUCCESS] | [+] Firefox styles installed | Thu Oct 16 03:46:17 2025
[LoggerStatus.SUCCESS] | [+] Installed Dev Dependencies | Thu Oct 16 03:46:17 2025
[LoggerStatus.SUCCESS] | Installed: screenkey | Thu Oct 16 03:46:23 2025
[LoggerStatus.SUCCESS] | Installed: timeshift | Thu Oct 16 03:46:26 2025
[LoggerStatus.SUCCESS] | Installed: pinta | Thu Oct 16 03:46:27 2025
[LoggerStatus.SUCCESS] | Installed: kdenlive | Thu Oct 16 03:46:54 2025
[LoggerStatus.SUCCESS] | Installed: lazygit | Thu Oct 16 03:46:57 2025
[LoggerStatus.SUCCESS] | Installed: wireshark-qt | Thu Oct 16 03:47:09 2025
[LoggerStatus.SUCCESS] | Installed: filezilla | Thu Oct 16 03:47:13 2025
[LoggerStatus.SUCCESS] | Installed: chromium | Thu Oct 16 03:47:43 2025
[LoggerStatus.SUCCESS] | Installed: xfce4-settings | Thu Oct 16 03:47:50 2025
[LoggerStatus.SUCCESS] | Installed: keepassxc | Thu Oct 16 03:47:55 2025
[LoggerStatus.SUCCESS] | Installed: audacity | Thu Oct 16 03:48:01 2025
[LoggerStatus.SUCCESS] | Installed: gufw | Thu Oct 16 03:48:12 2025
[LoggerStatus.SUCCESS] | Installed: bleachbit | Thu Oct 16 03:48:14 2025
[LoggerStatus.SUCCESS] | Installed: veracrypt | Thu Oct 16 03:48:18 2025
[LoggerStatus.SUCCESS] | Installed: homebank | Thu Oct 16 03:48:22 2025
[LoggerStatus.SUCCESS] | Installed: neovim | Thu Oct 16 03:48:27 2025
[LoggerStatus.SUCCESS] | Installed: obs-studio | Thu Oct 16 03:48:32 2025
[LoggerStatus.SUCCESS] | Installed: telegram-desktop | Thu Oct 16 03:48:58 2025
[LoggerStatus.SUCCESS] | Installed: tmux | Thu Oct 16 03:48:59 2025
[LoggerStatus.SUCCESS] | Installed: yt-dlp | Thu Oct 16 03:49:03 2025
[LoggerStatus.SUCCESS] | Installed: code | Thu Oct 16 03:49:39 2025
[LoggerStatus.SUCCESS] | Installed: cowsay | Thu Oct 16 03:49:40 2025
[LoggerStatus.SUCCESS] | Installed: deluge-gtk | Thu Oct 16 03:49:49 2025
[LoggerStatus.SUCCESS] | Installed: flameshot | Thu Oct 16 03:49:51 2025
[LoggerStatus.SUCCESS] | Installed: sqlitebrowser | Thu Oct 16 03:49:55 2025
[LoggerStatus.SUCCESS] | Installed: obsidian | Thu Oct 16 03:50:00 2025
[LoggerStatus.SUCCESS] | Installed: python-pip | Thu Oct 16 03:50:02 2025
[LoggerStatus.SUCCESS] | Installed: bpython | Thu Oct 16 03:50:04 2025
[LoggerStatus.SUCCESS] | Installed: ipython | Thu Oct 16 03:50:06 2025
[LoggerStatus.SUCCESS] | Installed: cloc | Thu Oct 16 03:50:08 2025
[LoggerStatus.SUCCESS] | Installed: hexyl | Thu Oct 16 03:50:10 2025
